生成启动时间为 2015/2/7 23:41:25。
     1>项目“G:\opencv\workspace\Lane_Detect\Lane_Detect\Lane_Detect.vcxproj”在节点 2 上(Build 个目标)。
     1>ClCompile:
         C:\Program Files (x86)\Microsoft Visual Studio 12.0\VC\bin\CL.exe /c /ZI /nologo /W3 /WX- /sdl /Od /Oy- /D _CRT_SECURE_NO_WARNINGS /D _MBCS /Gm /EHsc /RTC1 /MDd /GS /fp:precise /Zc:wchar_t /Zc:forScope /Fo"Debug\\" /Fd"Debug\vc120.pdb" /Gd /TP /analyze- /errorReport:prompt main.cpp
         main.cpp
     1>g:\opencv\workspace\lane_detect\lane_detect\main.cpp(121): warning C4244: “参数”: 从“double”转换到“int”，可能丢失数据
     1>g:\opencv\workspace\lane_detect\lane_detect\main.cpp(171): warning C4244: “参数”: 从“double”转换到“int”，可能丢失数据
     1>g:\opencv\workspace\lane_detect\lane_detect\main.cpp(172): warning C4244: “参数”: 从“double”转换到“int”，可能丢失数据
     1>g:\opencv\workspace\lane_detect\lane_detect\main.cpp(181): warning C4244: “参数”: 从“double”转换到“int”，可能丢失数据
     1>g:\opencv\workspace\lane_detect\lane_detect\main.cpp(182): warning C4244: “参数”: 从“double”转换到“int”，可能丢失数据
     1>g:\opencv\workspace\lane_detect\lane_detect\main.cpp(202): warning C4244: “初始化”: 从“float”转换到“int”，可能丢失数据
     1>g:\opencv\workspace\lane_detect\lane_detect\main.cpp(203): warning C4244: “初始化”: 从“float”转换到“int”，可能丢失数据
     1>g:\opencv\workspace\lane_detect\lane_detect\main.cpp(209): warning C4244: “=”: 从“int”转换到“float”，可能丢失数据
     1>g:\opencv\workspace\lane_detect\lane_detect\main.cpp(210): warning C4244: “=”: 从“int”转换到“float”，可能丢失数据
     1>g:\opencv\workspace\lane_detect\lane_detect\main.cpp(218): warning C4244: “=”: 从“int”转换到“float”，可能丢失数据
     1>g:\opencv\workspace\lane_detect\lane_detect\main.cpp(219): warning C4244: “=”: 从“int”转换到“float”，可能丢失数据
     1>g:\opencv\workspace\lane_detect\lane_detect\main.cpp(247): warning C4244: “初始化”: 从“float”转换到“int”，可能丢失数据
     1>g:\opencv\workspace\lane_detect\lane_detect\main.cpp(248): warning C4244: “初始化”: 从“float”转换到“int”，可能丢失数据
     1>g:\opencv\workspace\lane_detect\lane_detect\main.cpp(254): warning C4244: “=”: 从“int”转换到“float”，可能丢失数据
     1>g:\opencv\workspace\lane_detect\lane_detect\main.cpp(255): warning C4244: “=”: 从“int”转换到“float”，可能丢失数据
     1>g:\opencv\workspace\lane_detect\lane_detect\main.cpp(263): warning C4244: “=”: 从“int”转换到“float”，可能丢失数据
     1>g:\opencv\workspace\lane_detect\lane_detect\main.cpp(264): warning C4244: “=”: 从“int”转换到“float”，可能丢失数据
       Link:
         C:\Program Files (x86)\Microsoft Visual Studio 12.0\VC\bin\link.exe /ERRORREPORT:PROMPT /OUT:"G:\opencv\workspace\Lane_Detect\Debug\Lane_Detect.exe" /INCREMENTAL /NOLOGO opencv_calib3d2410d.lib opencv_contrib2410d.lib opencv_core2410d.lib opencv_features2d2410d.lib opencv_flann2410d.lib opencv_gpu2410d.lib opencv_highgui2410d.lib opencv_imgproc2410d.lib opencv_legacy2410d.lib opencv_ml2410d.lib opencv_nonfree2410d.lib opencv_objdetect2410d.lib opencv_ocl2410d.lib opencv_photo2410d.lib opencv_stitching2410d.lib opencv_superres2410d.lib opencv_ts2410d.lib opencv_video2410d.lib opencv_videostab2410d.lib kernel32.lib user32.lib gdi32.lib winspool.lib comdlg32.lib advapi32.lib shell32.lib ole32.lib oleaut32.lib uuid.lib odbc32.lib odbccp32.lib /MANIFEST /MANIFESTUAC:"level='asInvoker' uiAccess='false'" /manifest:embed /DEBUG /PDB:"G:\opencv\workspace\Lane_Detect\Debug\Lane_Detect.pdb" /TLBID:1 /DYNAMICBASE /NXCOMPAT /IMPLIB:"G:\opencv\workspace\Lane_Detect\Debug\Lane_Detect.lib" /MACHINE:X86 Debug\main.obj
         Lane_Detect.vcxproj -> G:\opencv\workspace\Lane_Detect\Debug\Lane_Detect.exe
     1>已完成生成项目“G:\opencv\workspace\Lane_Detect\Lane_Detect\Lane_Detect.vcxproj”(Build 个目标)的操作。

生成成功。

已用时间 00:00:04.37
